<?xml version="1.0" encoding="UTF-8"?>
<!-- Generated by org.testng.reporters.JUnitReportReporter -->
<testsuite hostname="Pallavi-Sadhus-MacBook-Air.local" failures="0" tests="2" name="tests.TaskListTest" time="7.054" errors="0" timestamp="2022-12-11T18:37:27 CST" skipped="0">
  <testcase classname="tests.TaskListTest" name="verifyAddTask" time="3.680"/>
  <system-out/>
  <testcase classname="tests.TaskListTest" name="verifyDeleteTask" time="3.374"/>
  <system-out/>
</testsuite> <!-- tests.TaskListTest -->
