<?xml version="1.0" encoding="UTF-8"?>
<!-- Generated by org.testng.reporters.JUnitReportReporter -->
<testsuite hostname="Pallavi-Sadhus-MacBook-Air.local" failures="0" tests="2" name="tests.LoginTest" time="2.233" errors="0" timestamp="2022-12-11T17:50:26 CST" skipped="0">
  <testcase classname="tests.LoginTest" name="verifyTitle" time="0.021"/>
  <system-out/>
  <testcase classname="tests.LoginTest" name="verifyLogin" time="2.212"/>
  <system-out/>
</testsuite> <!-- tests.LoginTest -->
