<?xml version="1.0" encoding="UTF-8"?>
<!-- Generated by org.testng.reporters.JUnitReportReporter -->
<testsuite hostname="Pallavi-Sadhus-MacBook-Air.local" failures="0" tests="3" name="tests.TaskListTest" time="10.103" errors="0" timestamp="2022-12-11T18:46:25 CST" skipped="0">
  <testcase classname="tests.TaskListTest" name="verifyAddTask" time="6.661"/>
  <system-out/>
  <testcase classname="tests.TaskListTest" name="verifyDeleteTask" time="3.409"/>
  <system-out/>
  <testcase classname="tests.TaskListTest" name="verifyTaskCount" time="0.033"/>
  <system-out/>
</testsuite> <!-- tests.TaskListTest -->
