<?xml version="1.0" encoding="UTF-8"?>
<!-- Generated by org.testng.reporters.JUnitReportReporter -->
<testsuite hostname="Pallavi-Sadhus-MacBook-Air.local" failures="0" tests="4" name="tests.TaskListTest" time="7.208" errors="0" timestamp="2022-12-11T18:56:18 CST" skipped="0">
  <testcase classname="tests.TaskListTest" name="verifyAddTask" time="3.602"/>
  <system-out/>
  <testcase classname="tests.TaskListTest" name="verifyDeleteTask" time="3.459"/>
  <system-out/>
  <testcase classname="tests.TaskListTest" name="verifyTaskCount" time="0.028"/>
  <system-out/>
  <testcase classname="tests.TaskListTest" name="verifySignout" time="0.119"/>
  <system-out/>
</testsuite> <!-- tests.TaskListTest -->
