<?xml version="1.0" encoding="UTF-8"?>
<!-- Generated by org.testng.reporters.JUnitReportReporter -->
<testsuite hostname="Pallavi-Sadhus-MacBook-Air.local" failures="0" tests="2" name="tests.LoginTest" time="4.119" errors="0" timestamp="2022-12-11T18:46:25 CST" skipped="0">
  <testcase classname="tests.LoginTest" name="verifyTitle" time="0.019"/>
  <system-out/>
  <testcase classname="tests.LoginTest" name="verifyLogin" time="4.100"/>
  <system-out/>
</testsuite> <!-- tests.LoginTest -->
