<?xml version="1.0" encoding="UTF-8"?>
<!-- Generated by org.testng.reporters.JUnitReportReporter -->
<testsuite hostname="Pallavi-Sadhus-MacBook-Air.local" failures="0" tests="2" name="tests.LoginTest" time="1.884" errors="0" timestamp="2022-12-11T18:56:18 CST" skipped="0">
  <testcase classname="tests.LoginTest" name="verifyTitle" time="0.022"/>
  <system-out/>
  <testcase classname="tests.LoginTest" name="verifyLogin" time="1.862"/>
  <system-out/>
</testsuite> <!-- tests.LoginTest -->
