<?xml version="1.0" encoding="UTF-8"?>
<!-- Generated by org.testng.reporters.JUnitReportReporter -->
<testsuite hostname="Pallavi-Sadhus-MacBook-Air.local" failures="0" tests="1" name="tests.TaskListTest" time="3.600" errors="0" timestamp="2022-12-11T17:50:26 CST" skipped="0">
  <testcase classname="tests.TaskListTest" name="verifyAddTask" time="3.600"/>
  <system-out/>
</testsuite> <!-- tests.TaskListTest -->
